<?xml version="1.0" encoding="UTF-8"?>
<testExecutions version="1">
  <file path="/Users/vga/development/github/tjololo/nuget-dependencies-update/test/dotnet-project-locator.test.ts">
    <testCase name="locate projects recursivly" duration="6"/>
    <testCase name="locate projects not recursivly" duration="1"/>
  </file>
  <file path="/Users/vga/development/github/tjololo/nuget-dependencies-update/test/dotnet-command-manager.test.ts">
    <testCase name="list returns list of dependencies eligable for update" duration="11"/>
  </file>
</testExecutions>